The target system is: Generic -  - ARM
The host system is: Linux - 5.13.0-35-generic - x86_64
Compiling the C compiler identification source file "CMakeCCompilerId.c" succeeded.
Compiler: /usr/local/bin/arm-none-eabi-gcc 
Build flags: 
Id flags: -c 

The output was:
0


Compilation of the C compiler identification source "CMakeCCompilerId.c" produced "CMakeCCompilerId.o"

The C compiler identification is GNU, found in "/home/abdul/workspace/Embedded/nucleo_initialize/build/CMakeFiles/3.16.3/CompilerIdC/CMakeCCompilerId.o"

Compiling the CXX compiler identification source file "CMakeCXXCompilerId.cpp" succeeded.
Compiler: /usr/local/bin/arm-none-eabi-g++ 
Build flags: 
Id flags: -c 

The output was:
0


Compilation of the CXX compiler identification source "CMakeCXXCompilerId.cpp" produced "CMakeCXXCompilerId.o"

The CXX compiler identification is GNU, found in "/home/abdul/workspace/Embedded/nucleo_initialize/build/CMakeFiles/3.16.3/CompilerIdCXX/CMakeCXXCompilerId.o"

Determining if the C compiler works passed with the following output:
Change Dir: /home/abdul/workspace/Embedded/nucleo_initialize/build/CMakeFiles/CMakeTmp

Run Build Command(s):/usr/bin/make cmTC_730de/fast && /usr/bin/make -f CMakeFiles/cmTC_730de.dir/build.make CMakeFiles/cmTC_730de.dir/build
make[1]: Entering directory '/home/abdul/workspace/Embedded/nucleo_initialize/build/CMakeFiles/CMakeTmp'
Building C object CMakeFiles/cmTC_730de.dir/testCCompiler.c.obj
/usr/local/bin/arm-none-eabi-gcc    -o CMakeFiles/cmTC_730de.dir/testCCompiler.c.obj   -c /home/abdul/workspace/Embedded/nucleo_initialize/build/CMakeFiles/CMakeTmp/testCCompiler.c
Linking C static library libcmTC_730de.a
/usr/bin/cmake -P CMakeFiles/cmTC_730de.dir/cmake_clean_target.cmake
/usr/bin/cmake -E cmake_link_script CMakeFiles/cmTC_730de.dir/link.txt --verbose=1
/usr/local/bin/arm-none-eabi-ar qc libcmTC_730de.a  CMakeFiles/cmTC_730de.dir/testCCompiler.c.obj
/usr/local/bin/arm-none-eabi-ranlib libcmTC_730de.a
make[1]: Leaving directory '/home/abdul/workspace/Embedded/nucleo_initialize/build/CMakeFiles/CMakeTmp'



Detecting C compiler ABI info compiled with the following output:
Change Dir: /home/abdul/workspace/Embedded/nucleo_initialize/build/CMakeFiles/CMakeTmp

Run Build Command(s):/usr/bin/make cmTC_7eb4b/fast && /usr/bin/make -f CMakeFiles/cmTC_7eb4b.dir/build.make CMakeFiles/cmTC_7eb4b.dir/build
make[1]: Entering directory '/home/abdul/workspace/Embedded/nucleo_initialize/build/CMakeFiles/CMakeTmp'
Building C object CMakeFiles/cmTC_7eb4b.dir/CMakeCCompilerABI.c.obj
/usr/local/bin/arm-none-eabi-gcc   -v -o CMakeFiles/cmTC_7eb4b.dir/CMakeCCompilerABI.c.obj   -c /usr/share/cmake-3.16/Modules/CMakeCCompilerABI.c
Using built-in specs.
COLLECT_GCC=/usr/local/bin/arm-none-eabi-gcc
Target: arm-none-eabi
Configured with: /mnt/workspace/workspace/GCC-9-pipeline/jenkins-GCC-9-pipeline-200_20200521_1590053374/src/gcc/configure --target=arm-none-eabi --prefix=/mnt/workspace/workspace/GCC-9-pipeline/jenkins-GCC-9-pipeline-200_20200521_1590053374/install-native --libexecdir=/mnt/workspace/workspace/GCC-9-pipeline/jenkins-GCC-9-pipeline-200_20200521_1590053374/install-native/lib --infodir=/mnt/workspace/workspace/GCC-9-pipeline/jenkins-GCC-9-pipeline-200_20200521_1590053374/install-native/share/doc/gcc-arm-none-eabi/info --mandir=/mnt/workspace/workspace/GCC-9-pipeline/jenkins-GCC-9-pipeline-200_20200521_1590053374/install-native/share/doc/gcc-arm-none-eabi/man --htmldir=/mnt/workspace/workspace/GCC-9-pipeline/jenkins-GCC-9-pipeline-200_20200521_1590053374/install-native/share/doc/gcc-arm-none-eabi/html --pdfdir=/mnt/workspace/workspace/GCC-9-pipeline/jenkins-GCC-9-pipeline-200_20200521_1590053374/install-native/share/doc/gcc-arm-none-eabi/pdf --enable-languages=c,c++ --enable-plugins --disable-decimal-float --disable-libffi --disable-libgomp --disable-libmudflap --disable-libquadmath --disable-libssp --disable-libstdcxx-pch --disable-nls --disable-shared --disable-threads --disable-tls --with-gnu-as --with-gnu-ld --with-newlib --with-headers=yes --with-python-dir=share/gcc-arm-none-eabi --with-sysroot=/mnt/workspace/workspace/GCC-9-pipeline/jenkins-GCC-9-pipeline-200_20200521_1590053374/install-native/arm-none-eabi --build=x86_64-linux-gnu --host=x86_64-linux-gnu --with-gmp=/mnt/workspace/workspace/GCC-9-pipeline/jenkins-GCC-9-pipeline-200_20200521_1590053374/build-native/host-libs/usr --with-mpfr=/mnt/workspace/workspace/GCC-9-pipeline/jenkins-GCC-9-pipeline-200_20200521_1590053374/build-native/host-libs/usr --with-mpc=/mnt/workspace/workspace/GCC-9-pipeline/jenkins-GCC-9-pipeline-200_20200521_1590053374/build-native/host-libs/usr --with-isl=/mnt/workspace/workspace/GCC-9-pipeline/jenkins-GCC-9-pipeline-200_20200521_1590053374/build-native/host-libs/usr --with-libelf=/mnt/workspace/workspace/GCC-9-pipeline/jenkins-GCC-9-pipeline-200_20200521_1590053374/build-native/host-libs/usr --with-host-libstdcxx='-static-libgcc -Wl,-Bstatic,-lstdc++,-Bdynamic -lm' --with-pkgversion='GNU Arm Embedded Toolchain 9-2020-q2-update' --with-multilib-list=rmprofile,aprofile
Thread model: single
gcc version 9.3.1 20200408 (release) (GNU Arm Embedded Toolchain 9-2020-q2-update) 
COLLECT_GCC_OPTIONS='-v' '-o' 'CMakeFiles/cmTC_7eb4b.dir/CMakeCCompilerABI.c.obj' '-c' '-mcpu=arm7tdmi' '-mfloat-abi=soft' '-marm' '-march=armv4t'
 /opt/gcc-arm-none-eabi-9-2020-q2-update/bin/../lib/gcc/arm-none-eabi/9.3.1/cc1 -quiet -v -iprefix /opt/gcc-arm-none-eabi-9-2020-q2-update/bin/../lib/gcc/arm-none-eabi/9.3.1/ -isysroot /opt/gcc-arm-none-eabi-9-2020-q2-update/bin/../arm-none-eabi -D__USES_INITFINI__ /usr/share/cmake-3.16/Modules/CMakeCCompilerABI.c -quiet -dumpbase CMakeCCompilerABI.c -mcpu=arm7tdmi -mfloat-abi=soft -marm -march=armv4t -auxbase-strip CMakeFiles/cmTC_7eb4b.dir/CMakeCCompilerABI.c.obj -version -o /tmp/ccKuKyt5.s
GNU C17 (GNU Arm Embedded Toolchain 9-2020-q2-update) version 9.3.1 20200408 (release) (arm-none-eabi)
	compiled by GNU C version 4.8.4, GMP version 6.1.0, MPFR version 3.1.4, MPC version 1.0.3, isl version isl-0.18-GMP

GGC heuristics: --param ggc-min-expand=100 --param ggc-min-heapsize=131072
ignoring duplicate directory "/opt/gcc-arm-none-eabi-9-2020-q2-update/bin/../lib/gcc/../../lib/gcc/arm-none-eabi/9.3.1/include"
ignoring nonexistent directory "/opt/gcc-arm-none-eabi-9-2020-q2-update/bin/../arm-none-eabi/usr/local/include"
ignoring duplicate directory "/opt/gcc-arm-none-eabi-9-2020-q2-update/bin/../lib/gcc/../../lib/gcc/arm-none-eabi/9.3.1/include-fixed"
ignoring duplicate directory "/opt/gcc-arm-none-eabi-9-2020-q2-update/bin/../lib/gcc/../../lib/gcc/arm-none-eabi/9.3.1/../../../../arm-none-eabi/include"
ignoring nonexistent directory "/opt/gcc-arm-none-eabi-9-2020-q2-update/bin/../arm-none-eabi/usr/include"
#include "..." search starts here:
#include <...> search starts here:
 /opt/gcc-arm-none-eabi-9-2020-q2-update/bin/../lib/gcc/arm-none-eabi/9.3.1/include
 /opt/gcc-arm-none-eabi-9-2020-q2-update/bin/../lib/gcc/arm-none-eabi/9.3.1/include-fixed
 /opt/gcc-arm-none-eabi-9-2020-q2-update/bin/../lib/gcc/arm-none-eabi/9.3.1/../../../../arm-none-eabi/include
End of search list.
GNU C17 (GNU Arm Embedded Toolchain 9-2020-q2-update) version 9.3.1 20200408 (release) (arm-none-eabi)
	compiled by GNU C version 4.8.4, GMP version 6.1.0, MPFR version 3.1.4, MPC version 1.0.3, isl version isl-0.18-GMP

GGC heuristics: --param ggc-min-expand=100 --param ggc-min-heapsize=131072
Compiler executable checksum: 17f1e178bf798cb7013d26242c30c1f0
COLLECT_GCC_OPTIONS='-v' '-o' 'CMakeFiles/cmTC_7eb4b.dir/CMakeCCompilerABI.c.obj' '-c' '-mcpu=arm7tdmi' '-mfloat-abi=soft' '-marm' '-march=armv4t'
 /opt/gcc-arm-none-eabi-9-2020-q2-update/bin/../lib/gcc/arm-none-eabi/9.3.1/../../../../arm-none-eabi/bin/as -v -march=armv4t -mfloat-abi=soft -meabi=5 -o CMakeFiles/cmTC_7eb4b.dir/CMakeCCompilerABI.c.obj /tmp/ccKuKyt5.s
GNU assembler version 2.34.0 (arm-none-eabi) using BFD version (GNU Arm Embedded Toolchain 9-2020-q2-update) 2.34.0.20200428
COMPILER_PATH=/opt/gcc-arm-none-eabi-9-2020-q2-update/bin/../lib/gcc/arm-none-eabi/9.3.1/:/opt/gcc-arm-none-eabi-9-2020-q2-update/bin/../lib/gcc/:/opt/gcc-arm-none-eabi-9-2020-q2-update/bin/../lib/gcc/arm-none-eabi/9.3.1/../../../../arm-none-eabi/bin/
LIBRARY_PATH=/opt/gcc-arm-none-eabi-9-2020-q2-update/bin/../lib/gcc/arm-none-eabi/9.3.1/:/opt/gcc-arm-none-eabi-9-2020-q2-update/bin/../lib/gcc/:/opt/gcc-arm-none-eabi-9-2020-q2-update/bin/../lib/gcc/arm-none-eabi/9.3.1/../../../../arm-none-eabi/lib/:/opt/gcc-arm-none-eabi-9-2020-q2-update/bin/../arm-none-eabi/lib/
COLLECT_GCC_OPTIONS='-v' '-o' 'CMakeFiles/cmTC_7eb4b.dir/CMakeCCompilerABI.c.obj' '-c' '-mcpu=arm7tdmi' '-mfloat-abi=soft' '-marm' '-march=armv4t'
Linking C static library libcmTC_7eb4b.a
/usr/bin/cmake -P CMakeFiles/cmTC_7eb4b.dir/cmake_clean_target.cmake
/usr/bin/cmake -E cmake_link_script CMakeFiles/cmTC_7eb4b.dir/link.txt --verbose=1
/usr/local/bin/arm-none-eabi-ar qc libcmTC_7eb4b.a  CMakeFiles/cmTC_7eb4b.dir/CMakeCCompilerABI.c.obj
/usr/local/bin/arm-none-eabi-ranlib libcmTC_7eb4b.a
make[1]: Leaving directory '/home/abdul/workspace/Embedded/nucleo_initialize/build/CMakeFiles/CMakeTmp'



Parsed C implicit include dir info from above output: rv=done
  found start of include info
  found start of implicit include info
    add: [/opt/gcc-arm-none-eabi-9-2020-q2-update/bin/../lib/gcc/arm-none-eabi/9.3.1/include]
    add: [/opt/gcc-arm-none-eabi-9-2020-q2-update/bin/../lib/gcc/arm-none-eabi/9.3.1/include-fixed]
    add: [/opt/gcc-arm-none-eabi-9-2020-q2-update/bin/../lib/gcc/arm-none-eabi/9.3.1/../../../../arm-none-eabi/include]
  end of search list found
  collapse include dir [/opt/gcc-arm-none-eabi-9-2020-q2-update/bin/../lib/gcc/arm-none-eabi/9.3.1/include] ==> [/opt/gcc-arm-none-eabi-9-2020-q2-update/lib/gcc/arm-none-eabi/9.3.1/include]
  collapse include dir [/opt/gcc-arm-none-eabi-9-2020-q2-update/bin/../lib/gcc/arm-none-eabi/9.3.1/include-fixed] ==> [/opt/gcc-arm-none-eabi-9-2020-q2-update/lib/gcc/arm-none-eabi/9.3.1/include-fixed]
  collapse include dir [/opt/gcc-arm-none-eabi-9-2020-q2-update/bin/../lib/gcc/arm-none-eabi/9.3.1/../../../../arm-none-eabi/include] ==> [/opt/gcc-arm-none-eabi-9-2020-q2-update/arm-none-eabi/include]
  implicit include dirs: [/opt/gcc-arm-none-eabi-9-2020-q2-update/lib/gcc/arm-none-eabi/9.3.1/include;/opt/gcc-arm-none-eabi-9-2020-q2-update/lib/gcc/arm-none-eabi/9.3.1/include-fixed;/opt/gcc-arm-none-eabi-9-2020-q2-update/arm-none-eabi/include]


Parsed C implicit link information from above output:
  link line regex: [^( *|.*[/\])(arm-none-eabi-ld|CMAKE_LINK_STARTFILE-NOTFOUND|([^/\]+-)?ld|collect2)[^/\]*( |$)]
  ignore line: [Change Dir: /home/abdul/workspace/Embedded/nucleo_initialize/build/CMakeFiles/CMakeTmp]
  ignore line: []
  ignore line: [Run Build Command(s):/usr/bin/make cmTC_7eb4b/fast && /usr/bin/make -f CMakeFiles/cmTC_7eb4b.dir/build.make CMakeFiles/cmTC_7eb4b.dir/build]
  ignore line: [make[1]: Entering directory '/home/abdul/workspace/Embedded/nucleo_initialize/build/CMakeFiles/CMakeTmp']
  ignore line: [Building C object CMakeFiles/cmTC_7eb4b.dir/CMakeCCompilerABI.c.obj]
  ignore line: [/usr/local/bin/arm-none-eabi-gcc   -v -o CMakeFiles/cmTC_7eb4b.dir/CMakeCCompilerABI.c.obj   -c /usr/share/cmake-3.16/Modules/CMakeCCompilerABI.c]
  ignore line: [Using built-in specs.]
  ignore line: [COLLECT_GCC=/usr/local/bin/arm-none-eabi-gcc]
  ignore line: [Target: arm-none-eabi]
  ignore line: [Configured with: /mnt/workspace/workspace/GCC-9-pipeline/jenkins-GCC-9-pipeline-200_20200521_1590053374/src/gcc/configure --target=arm-none-eabi --prefix=/mnt/workspace/workspace/GCC-9-pipeline/jenkins-GCC-9-pipeline-200_20200521_1590053374/install-native --libexecdir=/mnt/workspace/workspace/GCC-9-pipeline/jenkins-GCC-9-pipeline-200_20200521_1590053374/install-native/lib --infodir=/mnt/workspace/workspace/GCC-9-pipeline/jenkins-GCC-9-pipeline-200_20200521_1590053374/install-native/share/doc/gcc-arm-none-eabi/info --mandir=/mnt/workspace/workspace/GCC-9-pipeline/jenkins-GCC-9-pipeline-200_20200521_1590053374/install-native/share/doc/gcc-arm-none-eabi/man --htmldir=/mnt/workspace/workspace/GCC-9-pipeline/jenkins-GCC-9-pipeline-200_20200521_1590053374/install-native/share/doc/gcc-arm-none-eabi/html --pdfdir=/mnt/workspace/workspace/GCC-9-pipeline/jenkins-GCC-9-pipeline-200_20200521_1590053374/install-native/share/doc/gcc-arm-none-eabi/pdf --enable-languages=c,c++ --enable-plugins --disable-decimal-float --disable-libffi --disable-libgomp --disable-libmudflap --disable-libquadmath --disable-libssp --disable-libstdcxx-pch --disable-nls --disable-shared --disable-threads --disable-tls --with-gnu-as --with-gnu-ld --with-newlib --with-headers=yes --with-python-dir=share/gcc-arm-none-eabi --with-sysroot=/mnt/workspace/workspace/GCC-9-pipeline/jenkins-GCC-9-pipeline-200_20200521_1590053374/install-native/arm-none-eabi --build=x86_64-linux-gnu --host=x86_64-linux-gnu --with-gmp=/mnt/workspace/workspace/GCC-9-pipeline/jenkins-GCC-9-pipeline-200_20200521_1590053374/build-native/host-libs/usr --with-mpfr=/mnt/workspace/workspace/GCC-9-pipeline/jenkins-GCC-9-pipeline-200_20200521_1590053374/build-native/host-libs/usr --with-mpc=/mnt/workspace/workspace/GCC-9-pipeline/jenkins-GCC-9-pipeline-200_20200521_1590053374/build-native/host-libs/usr --with-isl=/mnt/workspace/workspace/GCC-9-pipeline/jenkins-GCC-9-pipeline-200_20200521_1590053374/build-native/host-libs/usr --with-libelf=/mnt/workspace/workspace/GCC-9-pipeline/jenkins-GCC-9-pipeline-200_20200521_1590053374/build-native/host-libs/usr --with-host-libstdcxx='-static-libgcc -Wl,-Bstatic,-lstdc++,-Bdynamic -lm' --with-pkgversion='GNU Arm Embedded Toolchain 9-2020-q2-update' --with-multilib-list=rmprofile,aprofile]
  ignore line: [Thread model: single]
  ignore line: [gcc version 9.3.1 20200408 (release) (GNU Arm Embedded Toolchain 9-2020-q2-update) ]
  ignore line: [COLLECT_GCC_OPTIONS='-v' '-o' 'CMakeFiles/cmTC_7eb4b.dir/CMakeCCompilerABI.c.obj' '-c' '-mcpu=arm7tdmi' '-mfloat-abi=soft' '-marm' '-march=armv4t']
  ignore line: [ /opt/gcc-arm-none-eabi-9-2020-q2-update/bin/../lib/gcc/arm-none-eabi/9.3.1/cc1 -quiet -v -iprefix /opt/gcc-arm-none-eabi-9-2020-q2-update/bin/../lib/gcc/arm-none-eabi/9.3.1/ -isysroot /opt/gcc-arm-none-eabi-9-2020-q2-update/bin/../arm-none-eabi -D__USES_INITFINI__ /usr/share/cmake-3.16/Modules/CMakeCCompilerABI.c -quiet -dumpbase CMakeCCompilerABI.c -mcpu=arm7tdmi -mfloat-abi=soft -marm -march=armv4t -auxbase-strip CMakeFiles/cmTC_7eb4b.dir/CMakeCCompilerABI.c.obj -version -o /tmp/ccKuKyt5.s]
  ignore line: [GNU C17 (GNU Arm Embedded Toolchain 9-2020-q2-update) version 9.3.1 20200408 (release) (arm-none-eabi)]
  ignore line: [	compiled by GNU C version 4.8.4  GMP version 6.1.0  MPFR version 3.1.4  MPC version 1.0.3  isl version isl-0.18-GMP]
  ignore line: []
  ignore line: [GGC heuristics: --param ggc-min-expand=100 --param ggc-min-heapsize=131072]
  ignore line: [ignoring duplicate directory "/opt/gcc-arm-none-eabi-9-2020-q2-update/bin/../lib/gcc/../../lib/gcc/arm-none-eabi/9.3.1/include"]
  ignore line: [ignoring nonexistent directory "/opt/gcc-arm-none-eabi-9-2020-q2-update/bin/../arm-none-eabi/usr/local/include"]
  ignore line: [ignoring duplicate directory "/opt/gcc-arm-none-eabi-9-2020-q2-update/bin/../lib/gcc/../../lib/gcc/arm-none-eabi/9.3.1/include-fixed"]
  ignore line: [ignoring duplicate directory "/opt/gcc-arm-none-eabi-9-2020-q2-update/bin/../lib/gcc/../../lib/gcc/arm-none-eabi/9.3.1/../../../../arm-none-eabi/include"]
  ignore line: [ignoring nonexistent directory "/opt/gcc-arm-none-eabi-9-2020-q2-update/bin/../arm-none-eabi/usr/include"]
  ignore line: [#include "..." search starts here:]
  ignore line: [#include <...> search starts here:]
  ignore line: [ /opt/gcc-arm-none-eabi-9-2020-q2-update/bin/../lib/gcc/arm-none-eabi/9.3.1/include]
  ignore line: [ /opt/gcc-arm-none-eabi-9-2020-q2-update/bin/../lib/gcc/arm-none-eabi/9.3.1/include-fixed]
  ignore line: [ /opt/gcc-arm-none-eabi-9-2020-q2-update/bin/../lib/gcc/arm-none-eabi/9.3.1/../../../../arm-none-eabi/include]
  ignore line: [End of search list.]
  ignore line: [GNU C17 (GNU Arm Embedded Toolchain 9-2020-q2-update) version 9.3.1 20200408 (release) (arm-none-eabi)]
  ignore line: [	compiled by GNU C version 4.8.4  GMP version 6.1.0  MPFR version 3.1.4  MPC version 1.0.3  isl version isl-0.18-GMP]
  ignore line: []
  ignore line: [GGC heuristics: --param ggc-min-expand=100 --param ggc-min-heapsize=131072]
  ignore line: [Compiler executable checksum: 17f1e178bf798cb7013d26242c30c1f0]
  ignore line: [COLLECT_GCC_OPTIONS='-v' '-o' 'CMakeFiles/cmTC_7eb4b.dir/CMakeCCompilerABI.c.obj' '-c' '-mcpu=arm7tdmi' '-mfloat-abi=soft' '-marm' '-march=armv4t']
  ignore line: [ /opt/gcc-arm-none-eabi-9-2020-q2-update/bin/../lib/gcc/arm-none-eabi/9.3.1/../../../../arm-none-eabi/bin/as -v -march=armv4t -mfloat-abi=soft -meabi=5 -o CMakeFiles/cmTC_7eb4b.dir/CMakeCCompilerABI.c.obj /tmp/ccKuKyt5.s]
  ignore line: [GNU assembler version 2.34.0 (arm-none-eabi) using BFD version (GNU Arm Embedded Toolchain 9-2020-q2-update) 2.34.0.20200428]
  ignore line: [COMPILER_PATH=/opt/gcc-arm-none-eabi-9-2020-q2-update/bin/../lib/gcc/arm-none-eabi/9.3.1/:/opt/gcc-arm-none-eabi-9-2020-q2-update/bin/../lib/gcc/:/opt/gcc-arm-none-eabi-9-2020-q2-update/bin/../lib/gcc/arm-none-eabi/9.3.1/../../../../arm-none-eabi/bin/]
  ignore line: [LIBRARY_PATH=/opt/gcc-arm-none-eabi-9-2020-q2-update/bin/../lib/gcc/arm-none-eabi/9.3.1/:/opt/gcc-arm-none-eabi-9-2020-q2-update/bin/../lib/gcc/:/opt/gcc-arm-none-eabi-9-2020-q2-update/bin/../lib/gcc/arm-none-eabi/9.3.1/../../../../arm-none-eabi/lib/:/opt/gcc-arm-none-eabi-9-2020-q2-update/bin/../arm-none-eabi/lib/]
  ignore line: [COLLECT_GCC_OPTIONS='-v' '-o' 'CMakeFiles/cmTC_7eb4b.dir/CMakeCCompilerABI.c.obj' '-c' '-mcpu=arm7tdmi' '-mfloat-abi=soft' '-marm' '-march=armv4t']
  ignore line: [Linking C static library libcmTC_7eb4b.a]
  ignore line: [/usr/bin/cmake -P CMakeFiles/cmTC_7eb4b.dir/cmake_clean_target.cmake]
  ignore line: [/usr/bin/cmake -E cmake_link_script CMakeFiles/cmTC_7eb4b.dir/link.txt --verbose=1]
  ignore line: [/usr/local/bin/arm-none-eabi-ar qc libcmTC_7eb4b.a  CMakeFiles/cmTC_7eb4b.dir/CMakeCCompilerABI.c.obj]
  ignore line: [/usr/local/bin/arm-none-eabi-ranlib libcmTC_7eb4b.a]
  ignore line: [make[1]: Leaving directory '/home/abdul/workspace/Embedded/nucleo_initialize/build/CMakeFiles/CMakeTmp']
  ignore line: []
  ignore line: []
  implicit libs: []
  implicit dirs: []
  implicit fwks: []


Determining if the CXX compiler works passed with the following output:
Change Dir: /home/abdul/workspace/Embedded/nucleo_initialize/build/CMakeFiles/CMakeTmp

Run Build Command(s):/usr/bin/make cmTC_400cf/fast && /usr/bin/make -f CMakeFiles/cmTC_400cf.dir/build.make CMakeFiles/cmTC_400cf.dir/build
make[1]: Entering directory '/home/abdul/workspace/Embedded/nucleo_initialize/build/CMakeFiles/CMakeTmp'
Building CXX object CMakeFiles/cmTC_400cf.dir/testCXXCompiler.cxx.obj
/usr/local/bin/arm-none-eabi-g++     -o CMakeFiles/cmTC_400cf.dir/testCXXCompiler.cxx.obj -c /home/abdul/workspace/Embedded/nucleo_initialize/build/CMakeFiles/CMakeTmp/testCXXCompiler.cxx
Linking CXX static library libcmTC_400cf.a
/usr/bin/cmake -P CMakeFiles/cmTC_400cf.dir/cmake_clean_target.cmake
/usr/bin/cmake -E cmake_link_script CMakeFiles/cmTC_400cf.dir/link.txt --verbose=1
/usr/local/bin/arm-none-eabi-ar qc libcmTC_400cf.a  CMakeFiles/cmTC_400cf.dir/testCXXCompiler.cxx.obj
/usr/local/bin/arm-none-eabi-ranlib libcmTC_400cf.a
make[1]: Leaving directory '/home/abdul/workspace/Embedded/nucleo_initialize/build/CMakeFiles/CMakeTmp'



Detecting CXX compiler ABI info compiled with the following output:
Change Dir: /home/abdul/workspace/Embedded/nucleo_initialize/build/CMakeFiles/CMakeTmp

Run Build Command(s):/usr/bin/make cmTC_6c2da/fast && /usr/bin/make -f CMakeFiles/cmTC_6c2da.dir/build.make CMakeFiles/cmTC_6c2da.dir/build
make[1]: Entering directory '/home/abdul/workspace/Embedded/nucleo_initialize/build/CMakeFiles/CMakeTmp'
Building CXX object CMakeFiles/cmTC_6c2da.dir/CMakeCXXCompilerABI.cpp.obj
/usr/local/bin/arm-none-eabi-g++    -v -o CMakeFiles/cmTC_6c2da.dir/CMakeCXXCompilerABI.cpp.obj -c /usr/share/cmake-3.16/Modules/CMakeCXXCompilerABI.cpp
Using built-in specs.
COLLECT_GCC=/usr/local/bin/arm-none-eabi-g++
Target: arm-none-eabi
Configured with: /mnt/workspace/workspace/GCC-9-pipeline/jenkins-GCC-9-pipeline-200_20200521_1590053374/src/gcc/configure --target=arm-none-eabi --prefix=/mnt/workspace/workspace/GCC-9-pipeline/jenkins-GCC-9-pipeline-200_20200521_1590053374/install-native --libexecdir=/mnt/workspace/workspace/GCC-9-pipeline/jenkins-GCC-9-pipeline-200_20200521_1590053374/install-native/lib --infodir=/mnt/workspace/workspace/GCC-9-pipeline/jenkins-GCC-9-pipeline-200_20200521_1590053374/install-native/share/doc/gcc-arm-none-eabi/info --mandir=/mnt/workspace/workspace/GCC-9-pipeline/jenkins-GCC-9-pipeline-200_20200521_1590053374/install-native/share/doc/gcc-arm-none-eabi/man --htmldir=/mnt/workspace/workspace/GCC-9-pipeline/jenkins-GCC-9-pipeline-200_20200521_1590053374/install-native/share/doc/gcc-arm-none-eabi/html --pdfdir=/mnt/workspace/workspace/GCC-9-pipeline/jenkins-GCC-9-pipeline-200_20200521_1590053374/install-native/share/doc/gcc-arm-none-eabi/pdf --enable-languages=c,c++ --enable-plugins --disable-decimal-float --disable-libffi --disable-libgomp --disable-libmudflap --disable-libquadmath --disable-libssp --disable-libstdcxx-pch --disable-nls --disable-shared --disable-threads --disable-tls --with-gnu-as --with-gnu-ld --with-newlib --with-headers=yes --with-python-dir=share/gcc-arm-none-eabi --with-sysroot=/mnt/workspace/workspace/GCC-9-pipeline/jenkins-GCC-9-pipeline-200_20200521_1590053374/install-native/arm-none-eabi --build=x86_64-linux-gnu --host=x86_64-linux-gnu --with-gmp=/mnt/workspace/workspace/GCC-9-pipeline/jenkins-GCC-9-pipeline-200_20200521_1590053374/build-native/host-libs/usr --with-mpfr=/mnt/workspace/workspace/GCC-9-pipeline/jenkins-GCC-9-pipeline-200_20200521_1590053374/build-native/host-libs/usr --with-mpc=/mnt/workspace/workspace/GCC-9-pipeline/jenkins-GCC-9-pipeline-200_20200521_1590053374/build-native/host-libs/usr --with-isl=/mnt/workspace/workspace/GCC-9-pipeline/jenkins-GCC-9-pipeline-200_20200521_1590053374/build-native/host-libs/usr --with-libelf=/mnt/workspace/workspace/GCC-9-pipeline/jenkins-GCC-9-pipeline-200_20200521_1590053374/build-native/host-libs/usr --with-host-libstdcxx='-static-libgcc -Wl,-Bstatic,-lstdc++,-Bdynamic -lm' --with-pkgversion='GNU Arm Embedded Toolchain 9-2020-q2-update' --with-multilib-list=rmprofile,aprofile
Thread model: single
gcc version 9.3.1 20200408 (release) (GNU Arm Embedded Toolchain 9-2020-q2-update) 
COLLECT_GCC_OPTIONS='-v' '-o' 'CMakeFiles/cmTC_6c2da.dir/CMakeCXXCompilerABI.cpp.obj' '-c' '-mcpu=arm7tdmi' '-mfloat-abi=soft' '-marm' '-march=armv4t'
 /opt/gcc-arm-none-eabi-9-2020-q2-update/bin/../lib/gcc/arm-none-eabi/9.3.1/cc1plus -quiet -v -iprefix /opt/gcc-arm-none-eabi-9-2020-q2-update/bin/../lib/gcc/arm-none-eabi/9.3.1/ -isysroot /opt/gcc-arm-none-eabi-9-2020-q2-update/bin/../arm-none-eabi -D__USES_INITFINI__ /usr/share/cmake-3.16/Modules/CMakeCXXCompilerABI.cpp -quiet -dumpbase CMakeCXXCompilerABI.cpp -mcpu=arm7tdmi -mfloat-abi=soft -marm -march=armv4t -auxbase-strip CMakeFiles/cmTC_6c2da.dir/CMakeCXXCompilerABI.cpp.obj -version -o /tmp/ccVHltKc.s
GNU C++14 (GNU Arm Embedded Toolchain 9-2020-q2-update) version 9.3.1 20200408 (release) (arm-none-eabi)
	compiled by GNU C version 4.8.4, GMP version 6.1.0, MPFR version 3.1.4, MPC version 1.0.3, isl version isl-0.18-GMP

GGC heuristics: --param ggc-min-expand=100 --param ggc-min-heapsize=131072
ignoring duplicate directory "/opt/gcc-arm-none-eabi-9-2020-q2-update/bin/../lib/gcc/../../lib/gcc/arm-none-eabi/9.3.1/../../../../arm-none-eabi/include/c++/9.3.1"
ignoring duplicate directory "/opt/gcc-arm-none-eabi-9-2020-q2-update/bin/../lib/gcc/../../lib/gcc/arm-none-eabi/9.3.1/../../../../arm-none-eabi/include/c++/9.3.1/arm-none-eabi"
ignoring duplicate directory "/opt/gcc-arm-none-eabi-9-2020-q2-update/bin/../lib/gcc/../../lib/gcc/arm-none-eabi/9.3.1/../../../../arm-none-eabi/include/c++/9.3.1/backward"
ignoring duplicate directory "/opt/gcc-arm-none-eabi-9-2020-q2-update/bin/../lib/gcc/../../lib/gcc/arm-none-eabi/9.3.1/include"
ignoring nonexistent directory "/opt/gcc-arm-none-eabi-9-2020-q2-update/bin/../arm-none-eabi/usr/local/include"
ignoring duplicate directory "/opt/gcc-arm-none-eabi-9-2020-q2-update/bin/../lib/gcc/../../lib/gcc/arm-none-eabi/9.3.1/include-fixed"
ignoring duplicate directory "/opt/gcc-arm-none-eabi-9-2020-q2-update/bin/../lib/gcc/../../lib/gcc/arm-none-eabi/9.3.1/../../../../arm-none-eabi/include"
ignoring nonexistent directory "/opt/gcc-arm-none-eabi-9-2020-q2-update/bin/../arm-none-eabi/usr/include"
#include "..." search starts here:
#include <...> search starts here:
 /opt/gcc-arm-none-eabi-9-2020-q2-update/bin/../lib/gcc/arm-none-eabi/9.3.1/../../../../arm-none-eabi/include/c++/9.3.1
 /opt/gcc-arm-none-eabi-9-2020-q2-update/bin/../lib/gcc/arm-none-eabi/9.3.1/../../../../arm-none-eabi/include/c++/9.3.1/arm-none-eabi
 /opt/gcc-arm-none-eabi-9-2020-q2-update/bin/../lib/gcc/arm-none-eabi/9.3.1/../../../../arm-none-eabi/include/c++/9.3.1/backward
 /opt/gcc-arm-none-eabi-9-2020-q2-update/bin/../lib/gcc/arm-none-eabi/9.3.1/include
 /opt/gcc-arm-none-eabi-9-2020-q2-update/bin/../lib/gcc/arm-none-eabi/9.3.1/include-fixed
 /opt/gcc-arm-none-eabi-9-2020-q2-update/bin/../lib/gcc/arm-none-eabi/9.3.1/../../../../arm-none-eabi/include
End of search list.
GNU C++14 (GNU Arm Embedded Toolchain 9-2020-q2-update) version 9.3.1 20200408 (release) (arm-none-eabi)
	compiled by GNU C version 4.8.4, GMP version 6.1.0, MPFR version 3.1.4, MPC version 1.0.3, isl version isl-0.18-GMP

GGC heuristics: --param ggc-min-expand=100 --param ggc-min-heapsize=131072
Compiler executable checksum: 3cb932f70daa6671a7d108190c88329f
COLLECT_GCC_OPTIONS='-v' '-o' 'CMakeFiles/cmTC_6c2da.dir/CMakeCXXCompilerABI.cpp.obj' '-c' '-mcpu=arm7tdmi' '-mfloat-abi=soft' '-marm' '-march=armv4t'
 /opt/gcc-arm-none-eabi-9-2020-q2-update/bin/../lib/gcc/arm-none-eabi/9.3.1/../../../../arm-none-eabi/bin/as -v -march=armv4t -mfloat-abi=soft -meabi=5 -o CMakeFiles/cmTC_6c2da.dir/CMakeCXXCompilerABI.cpp.obj /tmp/ccVHltKc.s
GNU assembler version 2.34.0 (arm-none-eabi) using BFD version (GNU Arm Embedded Toolchain 9-2020-q2-update) 2.34.0.20200428
COMPILER_PATH=/opt/gcc-arm-none-eabi-9-2020-q2-update/bin/../lib/gcc/arm-none-eabi/9.3.1/:/opt/gcc-arm-none-eabi-9-2020-q2-update/bin/../lib/gcc/:/opt/gcc-arm-none-eabi-9-2020-q2-update/bin/../lib/gcc/arm-none-eabi/9.3.1/../../../../arm-none-eabi/bin/
LIBRARY_PATH=/opt/gcc-arm-none-eabi-9-2020-q2-update/bin/../lib/gcc/arm-none-eabi/9.3.1/:/opt/gcc-arm-none-eabi-9-2020-q2-update/bin/../lib/gcc/:/opt/gcc-arm-none-eabi-9-2020-q2-update/bin/../lib/gcc/arm-none-eabi/9.3.1/../../../../arm-none-eabi/lib/:/opt/gcc-arm-none-eabi-9-2020-q2-update/bin/../arm-none-eabi/lib/
COLLECT_GCC_OPTIONS='-v' '-o' 'CMakeFiles/cmTC_6c2da.dir/CMakeCXXCompilerABI.cpp.obj' '-c' '-mcpu=arm7tdmi' '-mfloat-abi=soft' '-marm' '-march=armv4t'
Linking CXX static library libcmTC_6c2da.a
/usr/bin/cmake -P CMakeFiles/cmTC_6c2da.dir/cmake_clean_target.cmake
/usr/bin/cmake -E cmake_link_script CMakeFiles/cmTC_6c2da.dir/link.txt --verbose=1
/usr/local/bin/arm-none-eabi-ar qc libcmTC_6c2da.a  CMakeFiles/cmTC_6c2da.dir/CMakeCXXCompilerABI.cpp.obj
/usr/local/bin/arm-none-eabi-ranlib libcmTC_6c2da.a
make[1]: Leaving directory '/home/abdul/workspace/Embedded/nucleo_initialize/build/CMakeFiles/CMakeTmp'



Parsed CXX implicit include dir info from above output: rv=done
  found start of include info
  found start of implicit include info
    add: [/opt/gcc-arm-none-eabi-9-2020-q2-update/bin/../lib/gcc/arm-none-eabi/9.3.1/../../../../arm-none-eabi/include/c++/9.3.1]
    add: [/opt/gcc-arm-none-eabi-9-2020-q2-update/bin/../lib/gcc/arm-none-eabi/9.3.1/../../../../arm-none-eabi/include/c++/9.3.1/arm-none-eabi]
    add: [/opt/gcc-arm-none-eabi-9-2020-q2-update/bin/../lib/gcc/arm-none-eabi/9.3.1/../../../../arm-none-eabi/include/c++/9.3.1/backward]
    add: [/opt/gcc-arm-none-eabi-9-2020-q2-update/bin/../lib/gcc/arm-none-eabi/9.3.1/include]
    add: [/opt/gcc-arm-none-eabi-9-2020-q2-update/bin/../lib/gcc/arm-none-eabi/9.3.1/include-fixed]
    add: [/opt/gcc-arm-none-eabi-9-2020-q2-update/bin/../lib/gcc/arm-none-eabi/9.3.1/../../../../arm-none-eabi/include]
  end of search list found
  collapse include dir [/opt/gcc-arm-none-eabi-9-2020-q2-update/bin/../lib/gcc/arm-none-eabi/9.3.1/../../../../arm-none-eabi/include/c++/9.3.1] ==> [/opt/gcc-arm-none-eabi-9-2020-q2-update/arm-none-eabi/include/c++/9.3.1]
  collapse include dir [/opt/gcc-arm-none-eabi-9-2020-q2-update/bin/../lib/gcc/arm-none-eabi/9.3.1/../../../../arm-none-eabi/include/c++/9.3.1/arm-none-eabi] ==> [/opt/gcc-arm-none-eabi-9-2020-q2-update/arm-none-eabi/include/c++/9.3.1/arm-none-eabi]
  collapse include dir [/opt/gcc-arm-none-eabi-9-2020-q2-update/bin/../lib/gcc/arm-none-eabi/9.3.1/../../../../arm-none-eabi/include/c++/9.3.1/backward] ==> [/opt/gcc-arm-none-eabi-9-2020-q2-update/arm-none-eabi/include/c++/9.3.1/backward]
  collapse include dir [/opt/gcc-arm-none-eabi-9-2020-q2-update/bin/../lib/gcc/arm-none-eabi/9.3.1/include] ==> [/opt/gcc-arm-none-eabi-9-2020-q2-update/lib/gcc/arm-none-eabi/9.3.1/include]
  collapse include dir [/opt/gcc-arm-none-eabi-9-2020-q2-update/bin/../lib/gcc/arm-none-eabi/9.3.1/include-fixed] ==> [/opt/gcc-arm-none-eabi-9-2020-q2-update/lib/gcc/arm-none-eabi/9.3.1/include-fixed]
  collapse include dir [/opt/gcc-arm-none-eabi-9-2020-q2-update/bin/../lib/gcc/arm-none-eabi/9.3.1/../../../../arm-none-eabi/include] ==> [/opt/gcc-arm-none-eabi-9-2020-q2-update/arm-none-eabi/include]
  implicit include dirs: [/opt/gcc-arm-none-eabi-9-2020-q2-update/arm-none-eabi/include/c++/9.3.1;/opt/gcc-arm-none-eabi-9-2020-q2-update/arm-none-eabi/include/c++/9.3.1/arm-none-eabi;/opt/gcc-arm-none-eabi-9-2020-q2-update/arm-none-eabi/include/c++/9.3.1/backward;/opt/gcc-arm-none-eabi-9-2020-q2-update/lib/gcc/arm-none-eabi/9.3.1/include;/opt/gcc-arm-none-eabi-9-2020-q2-update/lib/gcc/arm-none-eabi/9.3.1/include-fixed;/opt/gcc-arm-none-eabi-9-2020-q2-update/arm-none-eabi/include]


Parsed CXX implicit link information from above output:
  link line regex: [^( *|.*[/\])(arm-none-eabi-ld|CMAKE_LINK_STARTFILE-NOTFOUND|([^/\]+-)?ld|collect2)[^/\]*( |$)]
  ignore line: [Change Dir: /home/abdul/workspace/Embedded/nucleo_initialize/build/CMakeFiles/CMakeTmp]
  ignore line: []
  ignore line: [Run Build Command(s):/usr/bin/make cmTC_6c2da/fast && /usr/bin/make -f CMakeFiles/cmTC_6c2da.dir/build.make CMakeFiles/cmTC_6c2da.dir/build]
  ignore line: [make[1]: Entering directory '/home/abdul/workspace/Embedded/nucleo_initialize/build/CMakeFiles/CMakeTmp']
  ignore line: [Building CXX object CMakeFiles/cmTC_6c2da.dir/CMakeCXXCompilerABI.cpp.obj]
  ignore line: [/usr/local/bin/arm-none-eabi-g++    -v -o CMakeFiles/cmTC_6c2da.dir/CMakeCXXCompilerABI.cpp.obj -c /usr/share/cmake-3.16/Modules/CMakeCXXCompilerABI.cpp]
  ignore line: [Using built-in specs.]
  ignore line: [COLLECT_GCC=/usr/local/bin/arm-none-eabi-g++]
  ignore line: [Target: arm-none-eabi]
  ignore line: [Configured with: /mnt/workspace/workspace/GCC-9-pipeline/jenkins-GCC-9-pipeline-200_20200521_1590053374/src/gcc/configure --target=arm-none-eabi --prefix=/mnt/workspace/workspace/GCC-9-pipeline/jenkins-GCC-9-pipeline-200_20200521_1590053374/install-native --libexecdir=/mnt/workspace/workspace/GCC-9-pipeline/jenkins-GCC-9-pipeline-200_20200521_1590053374/install-native/lib --infodir=/mnt/workspace/workspace/GCC-9-pipeline/jenkins-GCC-9-pipeline-200_20200521_1590053374/install-native/share/doc/gcc-arm-none-eabi/info --mandir=/mnt/workspace/workspace/GCC-9-pipeline/jenkins-GCC-9-pipeline-200_20200521_1590053374/install-native/share/doc/gcc-arm-none-eabi/man --htmldir=/mnt/workspace/workspace/GCC-9-pipeline/jenkins-GCC-9-pipeline-200_20200521_1590053374/install-native/share/doc/gcc-arm-none-eabi/html --pdfdir=/mnt/workspace/workspace/GCC-9-pipeline/jenkins-GCC-9-pipeline-200_20200521_1590053374/install-native/share/doc/gcc-arm-none-eabi/pdf --enable-languages=c,c++ --enable-plugins --disable-decimal-float --disable-libffi --disable-libgomp --disable-libmudflap --disable-libquadmath --disable-libssp --disable-libstdcxx-pch --disable-nls --disable-shared --disable-threads --disable-tls --with-gnu-as --with-gnu-ld --with-newlib --with-headers=yes --with-python-dir=share/gcc-arm-none-eabi --with-sysroot=/mnt/workspace/workspace/GCC-9-pipeline/jenkins-GCC-9-pipeline-200_20200521_1590053374/install-native/arm-none-eabi --build=x86_64-linux-gnu --host=x86_64-linux-gnu --with-gmp=/mnt/workspace/workspace/GCC-9-pipeline/jenkins-GCC-9-pipeline-200_20200521_1590053374/build-native/host-libs/usr --with-mpfr=/mnt/workspace/workspace/GCC-9-pipeline/jenkins-GCC-9-pipeline-200_20200521_1590053374/build-native/host-libs/usr --with-mpc=/mnt/workspace/workspace/GCC-9-pipeline/jenkins-GCC-9-pipeline-200_20200521_1590053374/build-native/host-libs/usr --with-isl=/mnt/workspace/workspace/GCC-9-pipeline/jenkins-GCC-9-pipeline-200_20200521_1590053374/build-native/host-libs/usr --with-libelf=/mnt/workspace/workspace/GCC-9-pipeline/jenkins-GCC-9-pipeline-200_20200521_1590053374/build-native/host-libs/usr --with-host-libstdcxx='-static-libgcc -Wl,-Bstatic,-lstdc++,-Bdynamic -lm' --with-pkgversion='GNU Arm Embedded Toolchain 9-2020-q2-update' --with-multilib-list=rmprofile,aprofile]
  ignore line: [Thread model: single]
  ignore line: [gcc version 9.3.1 20200408 (release) (GNU Arm Embedded Toolchain 9-2020-q2-update) ]
  ignore line: [COLLECT_GCC_OPTIONS='-v' '-o' 'CMakeFiles/cmTC_6c2da.dir/CMakeCXXCompilerABI.cpp.obj' '-c' '-mcpu=arm7tdmi' '-mfloat-abi=soft' '-marm' '-march=armv4t']
  ignore line: [ /opt/gcc-arm-none-eabi-9-2020-q2-update/bin/../lib/gcc/arm-none-eabi/9.3.1/cc1plus -quiet -v -iprefix /opt/gcc-arm-none-eabi-9-2020-q2-update/bin/../lib/gcc/arm-none-eabi/9.3.1/ -isysroot /opt/gcc-arm-none-eabi-9-2020-q2-update/bin/../arm-none-eabi -D__USES_INITFINI__ /usr/share/cmake-3.16/Modules/CMakeCXXCompilerABI.cpp -quiet -dumpbase CMakeCXXCompilerABI.cpp -mcpu=arm7tdmi -mfloat-abi=soft -marm -march=armv4t -auxbase-strip CMakeFiles/cmTC_6c2da.dir/CMakeCXXCompilerABI.cpp.obj -version -o /tmp/ccVHltKc.s]
  ignore line: [GNU C++14 (GNU Arm Embedded Toolchain 9-2020-q2-update) version 9.3.1 20200408 (release) (arm-none-eabi)]
  ignore line: [	compiled by GNU C version 4.8.4  GMP version 6.1.0  MPFR version 3.1.4  MPC version 1.0.3  isl version isl-0.18-GMP]
  ignore line: []
  ignore line: [GGC heuristics: --param ggc-min-expand=100 --param ggc-min-heapsize=131072]
  ignore line: [ignoring duplicate directory "/opt/gcc-arm-none-eabi-9-2020-q2-update/bin/../lib/gcc/../../lib/gcc/arm-none-eabi/9.3.1/../../../../arm-none-eabi/include/c++/9.3.1"]
  ignore line: [ignoring duplicate directory "/opt/gcc-arm-none-eabi-9-2020-q2-update/bin/../lib/gcc/../../lib/gcc/arm-none-eabi/9.3.1/../../../../arm-none-eabi/include/c++/9.3.1/arm-none-eabi"]
  ignore line: [ignoring duplicate directory "/opt/gcc-arm-none-eabi-9-2020-q2-update/bin/../lib/gcc/../../lib/gcc/arm-none-eabi/9.3.1/../../../../arm-none-eabi/include/c++/9.3.1/backward"]
  ignore line: [ignoring duplicate directory "/opt/gcc-arm-none-eabi-9-2020-q2-update/bin/../lib/gcc/../../lib/gcc/arm-none-eabi/9.3.1/include"]
  ignore line: [ignoring nonexistent directory "/opt/gcc-arm-none-eabi-9-2020-q2-update/bin/../arm-none-eabi/usr/local/include"]
  ignore line: [ignoring duplicate directory "/opt/gcc-arm-none-eabi-9-2020-q2-update/bin/../lib/gcc/../../lib/gcc/arm-none-eabi/9.3.1/include-fixed"]
  ignore line: [ignoring duplicate directory "/opt/gcc-arm-none-eabi-9-2020-q2-update/bin/../lib/gcc/../../lib/gcc/arm-none-eabi/9.3.1/../../../../arm-none-eabi/include"]
  ignore line: [ignoring nonexistent directory "/opt/gcc-arm-none-eabi-9-2020-q2-update/bin/../arm-none-eabi/usr/include"]
  ignore line: [#include "..." search starts here:]
  ignore line: [#include <...> search starts here:]
  ignore line: [ /opt/gcc-arm-none-eabi-9-2020-q2-update/bin/../lib/gcc/arm-none-eabi/9.3.1/../../../../arm-none-eabi/include/c++/9.3.1]
  ignore line: [ /opt/gcc-arm-none-eabi-9-2020-q2-update/bin/../lib/gcc/arm-none-eabi/9.3.1/../../../../arm-none-eabi/include/c++/9.3.1/arm-none-eabi]
  ignore line: [ /opt/gcc-arm-none-eabi-9-2020-q2-update/bin/../lib/gcc/arm-none-eabi/9.3.1/../../../../arm-none-eabi/include/c++/9.3.1/backward]
  ignore line: [ /opt/gcc-arm-none-eabi-9-2020-q2-update/bin/../lib/gcc/arm-none-eabi/9.3.1/include]
  ignore line: [ /opt/gcc-arm-none-eabi-9-2020-q2-update/bin/../lib/gcc/arm-none-eabi/9.3.1/include-fixed]
  ignore line: [ /opt/gcc-arm-none-eabi-9-2020-q2-update/bin/../lib/gcc/arm-none-eabi/9.3.1/../../../../arm-none-eabi/include]
  ignore line: [End of search list.]
  ignore line: [GNU C++14 (GNU Arm Embedded Toolchain 9-2020-q2-update) version 9.3.1 20200408 (release) (arm-none-eabi)]
  ignore line: [	compiled by GNU C version 4.8.4  GMP version 6.1.0  MPFR version 3.1.4  MPC version 1.0.3  isl version isl-0.18-GMP]
  ignore line: []
  ignore line: [GGC heuristics: --param ggc-min-expand=100 --param ggc-min-heapsize=131072]
  ignore line: [Compiler executable checksum: 3cb932f70daa6671a7d108190c88329f]
  ignore line: [COLLECT_GCC_OPTIONS='-v' '-o' 'CMakeFiles/cmTC_6c2da.dir/CMakeCXXCompilerABI.cpp.obj' '-c' '-mcpu=arm7tdmi' '-mfloat-abi=soft' '-marm' '-march=armv4t']
  ignore line: [ /opt/gcc-arm-none-eabi-9-2020-q2-update/bin/../lib/gcc/arm-none-eabi/9.3.1/../../../../arm-none-eabi/bin/as -v -march=armv4t -mfloat-abi=soft -meabi=5 -o CMakeFiles/cmTC_6c2da.dir/CMakeCXXCompilerABI.cpp.obj /tmp/ccVHltKc.s]
  ignore line: [GNU assembler version 2.34.0 (arm-none-eabi) using BFD version (GNU Arm Embedded Toolchain 9-2020-q2-update) 2.34.0.20200428]
  ignore line: [COMPILER_PATH=/opt/gcc-arm-none-eabi-9-2020-q2-update/bin/../lib/gcc/arm-none-eabi/9.3.1/:/opt/gcc-arm-none-eabi-9-2020-q2-update/bin/../lib/gcc/:/opt/gcc-arm-none-eabi-9-2020-q2-update/bin/../lib/gcc/arm-none-eabi/9.3.1/../../../../arm-none-eabi/bin/]
  ignore line: [LIBRARY_PATH=/opt/gcc-arm-none-eabi-9-2020-q2-update/bin/../lib/gcc/arm-none-eabi/9.3.1/:/opt/gcc-arm-none-eabi-9-2020-q2-update/bin/../lib/gcc/:/opt/gcc-arm-none-eabi-9-2020-q2-update/bin/../lib/gcc/arm-none-eabi/9.3.1/../../../../arm-none-eabi/lib/:/opt/gcc-arm-none-eabi-9-2020-q2-update/bin/../arm-none-eabi/lib/]
  ignore line: [COLLECT_GCC_OPTIONS='-v' '-o' 'CMakeFiles/cmTC_6c2da.dir/CMakeCXXCompilerABI.cpp.obj' '-c' '-mcpu=arm7tdmi' '-mfloat-abi=soft' '-marm' '-march=armv4t']
  ignore line: [Linking CXX static library libcmTC_6c2da.a]
  ignore line: [/usr/bin/cmake -P CMakeFiles/cmTC_6c2da.dir/cmake_clean_target.cmake]
  ignore line: [/usr/bin/cmake -E cmake_link_script CMakeFiles/cmTC_6c2da.dir/link.txt --verbose=1]
  ignore line: [/usr/local/bin/arm-none-eabi-ar qc libcmTC_6c2da.a  CMakeFiles/cmTC_6c2da.dir/CMakeCXXCompilerABI.cpp.obj]
  ignore line: [/usr/local/bin/arm-none-eabi-ranlib libcmTC_6c2da.a]
  ignore line: [make[1]: Leaving directory '/home/abdul/workspace/Embedded/nucleo_initialize/build/CMakeFiles/CMakeTmp']
  ignore line: []
  ignore line: []
  implicit libs: []
  implicit dirs: []
  implicit fwks: []


Checking whether the ASM compiler is GNU using "--version" matched "(GNU assembler)|(GCC)|(Free Software Foundation)":
arm-none-eabi-gcc (GNU Arm Embedded Toolchain 9-2020-q2-update) 9.3.1 20200408 (release)
Copyright (C) 2019 Free Software Foundation, Inc.
This is free software; see the source for copying conditions.  There is NO
warranty; not even for MERCHANTABILITY or FITNESS FOR A PARTICULAR PURPOSE.

